<?xml version="1.0" encoding="UTF-8"?>
<testsuite xmlns:xsi="http://www.w3.org/2001/XMLSchema-instance" xsi:noNamespaceSchemaLocation="https://maven.apache.org/surefire/maven-surefire-plugin/xsd/surefire-test-report.xsd" version="3.0.2" name="com.deliverytech.delivery_api.DeliveryApiApplicationTests" time="11.195" tests="1" errors="0" skipped="0" failures="0">
  <properties>
[...]
</properties>
  <testcase name="contextLoads" classname="com.deliverytech.delivery_api.DeliveryApiApplicationTests" time="0.324">
    <system-out><![CDATA[20:51:58.578 [main] INFO org.springframework.test.context.support.AnnotationConfigContextLoaderUtils -- Could not detect default configuration classes for test class [com.deliverytech.delivery_api.DeliveryApiApplicationTests]: DeliveryApiApplicationTests does not declare any static, non-private, non-final, nested classes annotated with @Configuration.
20:51:58.815 [main] INFO org.springframework.boot.test.context.SpringBootTestContextBootstrapper -- Found @SpringBootConfiguration com.deliverytech.delivery_api.DeliveryApiApplication for test class com.deliverytech.delivery_api.DeliveryApiApplicationTests
20:51:59.111 [main] INFO org.springframework.boot.devtools.restart.RestartApplicationListener -- Restart disabled due to context in which it is running

  .   ____          _            __ _ _
 /\\ / ___'_ __ _ _(_)_ __  __ _ \ \ \ \
( ( )\___ | '_ | '_| | '_ \/ _` | \ \ \ \
 \\/  ___)| |_)| | | | | || (_| |  ) ) ) )
  '  |____| .__|_| |_|_| |_\__, | / / / /
 =========|_|==============|___/=/_/_/_/

 :: Spring Boot ::                (v3.5.3)

2025-09-02T20:51:59.564-03:00  INFO 20176 --- [delivery-api] [           main] c.d.d.DeliveryApiApplicationTests        : Starting DeliveryApiApplicationTests using Java 21.0.8 with PID 20176 (started by marin in C:\Users\marin\Downloads\delivery-tech-main\delivery-tech-main\delivery-api)
2025-09-02T20:51:59.568-03:00 DEBUG 20176 --- [delivery-api] [           main] c.d.d.DeliveryApiApplicationTests        : Running with Spring Boot v3.5.3, Spring v6.2.8
2025-09-02T20:51:59.568-03:00  INFO 20176 --- [delivery-api] [           main] c.d.d.DeliveryApiApplicationTests        : No active profile set, falling back to 1 default profile: "default"
2025-09-02T20:51:59.654-03:00 DEBUG 20176 --- [delivery-api] [           main] o.s.w.c.s.GenericWebApplicationContext   : Refreshing org.springframework.web.context.support.GenericWebApplicationContext@7d30007d
2025-09-02T20:52:01.528-03:00  INFO 20176 --- [delivery-api] [           main] .s.d.r.c.RepositoryConfigurationDelegate : Bootstrapping Spring Data JPA repositories in DEFAULT mode.
2025-09-02T20:52:01.666-03:00  INFO 20176 --- [delivery-api] [           main] .s.d.r.c.RepositoryConfigurationDelegate : Finished Spring Data repository scanning in 116 ms. Found 6 JPA repository interfaces.
2025-09-02T20:52:02.569-03:00  INFO 20176 --- [delivery-api] [           main] o.hibernate.jpa.internal.util.LogHelper  : HHH000204: Processing PersistenceUnitInfo [name: default]
2025-09-02T20:52:02.698-03:00  INFO 20176 --- [delivery-api] [           main] org.hibernate.Version                    : HHH000412: Hibernate ORM core version 6.6.18.Final
2025-09-02T20:52:02.764-03:00  INFO 20176 --- [delivery-api] [           main] o.h.c.internal.RegionFactoryInitiator    : HHH000026: Second-level cache disabled
2025-09-02T20:52:03.193-03:00  INFO 20176 --- [delivery-api] [           main] o.s.o.j.p.SpringPersistenceUnitInfo      : No LoadTimeWeaver setup: ignoring JPA class transformer
2025-09-02T20:52:03.235-03:00  INFO 20176 --- [delivery-api] [           main] com.zaxxer.hikari.HikariDataSource       : HikariPool-1 - Starting...
2025-09-02T20:52:03.658-03:00  INFO 20176 --- [delivery-api] [           main] com.zaxxer.hikari.pool.HikariPool        : HikariPool-1 - Added connection conn0: url=jdbc:h2:mem:delivery user=SA
2025-09-02T20:52:03.661-03:00  INFO 20176 --- [delivery-api] [           main] com.zaxxer.hikari.HikariDataSource       : HikariPool-1 - Start completed.
2025-09-02T20:52:03.699-03:00  WARN 20176 --- [delivery-api] [           main] org.hibernate.orm.deprecation            : HHH90000025: H2Dialect does not need to be specified explicitly using 'hibernate.dialect' (remove the property setting and it will be selected by default)
2025-09-02T20:52:03.728-03:00  INFO 20176 --- [delivery-api] [           main] org.hibernate.orm.connections.pooling    : HHH10001005: Database info:
	Database JDBC URL [Connecting through datasource 'HikariDataSource (HikariPool-1)']
	Database driver: undefined/unknown
	Database version: 2.3.232
	Autocommit mode: undefined/unknown
	Isolation level: undefined/unknown
	Minimum pool size: undefined/unknown
	Maximum pool size: undefined/unknown
2025-09-02T20:52:05.116-03:00  INFO 20176 --- [delivery-api] [           main] o.h.e.t.j.p.i.JtaPlatformInitiator       : HHH000489: No JTA platform available (set 'hibernate.transaction.jta.platform' to enable JTA platform integration)
Hibernate: 
    create table cliente (
        id bigint generated by default as identity,
        ativo boolean,
        data_criacao timestamp(6),
        email varchar(255),
        endereco varchar(255),
        nome varchar(255),
        telefone varchar(255),
        primary key (id)
    )
Hibernate: 
    create table item_pedido (
        id bigint generated by default as identity,
        observacao varchar(255),
        preco_unitario numeric(38,2),
        quantidade integer,
        subtotal numeric(38,2),
        pedido_id bigint,
        produto_id bigint,
        primary key (id)
    )
Hibernate: 
    create table pedido (
        id bigint generated by default as identity,
        data_entrega timestamp(6),
        data_pedido timestamp(6),
        endereco_entrega varchar(255),
        observacao varchar(255),
        status enum ('CANCELADO','CONFIRMADO','EM_ENTREGA','EM_PREPARO','ENTREGUE','PRONTO','REALIZADO'),
        total numeric(38,2),
        cliente_id bigint,
        restaurante_id bigint,
        primary key (id)
    )
Hibernate: 
    create table produto (
        id bigint generated by default as identity,
        ativo boolean,
        categoria varchar(255),
        data_cadastro timestamp(6),
        descricao varchar(1000),
        disponivel boolean not null,
        imagem_url varchar(255),
        nome varchar(255),
        preco numeric(38,2) not null,
        restaurante_id bigint not null,
        primary key (id)
    )
Hibernate: 
    create table restaurante (
        id bigint generated by default as identity,
        taxa_entrega numeric(38,2),
        ativo boolean,
        categoria varchar(255),
        cnpj varchar(255),
        data_cadastro timestamp(6),
        descricao varchar(1000),
        endereco varchar(255),
        especialidade varchar(255),
        horario_funcionamento varchar(255),
        nome varchar(255),
        telefone varchar(255),
        primary key (id)
    )
Hibernate: 
    create table usuario (
        id bigint generated by default as identity,
        ativo boolean,
        data_criacao timestamp(6),
        email varchar(255) not null,
        nome varchar(255),
        restaurante_id bigint,
        role enum ('ADMIN','CLIENTE','ENTREGADOR','RESTAURANTE','USER') not null,
        senha varchar(255) not null,
        primary key (id)
    )
Hibernate: 
    alter table if exists cliente 
       drop constraint if exists UKcmxo70m08n43599l3h0h07cc6
Hibernate: 
    alter table if exists cliente 
       add constraint UKcmxo70m08n43599l3h0h07cc6 unique (email)
Hibernate: 
    alter table if exists restaurante 
       drop constraint if exists UK6541lrwirgrv2uykx87fc4saa
Hibernate: 
    alter table if exists restaurante 
       add constraint UK6541lrwirgrv2uykx87fc4saa unique (cnpj)
Hibernate: 
    alter table if exists usuario 
       drop constraint if exists UK5171l57faosmj8myawaucatdw
Hibernate: 
    alter table if exists usuario 
       add constraint UK5171l57faosmj8myawaucatdw unique (email)
Hibernate: 
    alter table if exists item_pedido 
       add constraint FK60ym08cfoysa17wrn1swyiuda 
       foreign key (pedido_id) 
       references pedido
Hibernate: 
    alter table if exists item_pedido 
       add constraint FKtk55mn6d6bvl5h0no5uagi3sf 
       foreign key (produto_id) 
       references produto
Hibernate: 
    alter table if exists pedido 
       add constraint FK30s8j2ktpay6of18lbyqn3632 
       foreign key (cliente_id) 
       references cliente
Hibernate: 
    alter table if exists pedido 
       add constraint FK3eud5cqmgsnltyk704hu3qj71 
       foreign key (restaurante_id) 
       references restaurante
Hibernate: 
    alter table if exists produto 
       add constraint FKb9jhjyghjcn25guim7q4pt8qx 
       foreign key (restaurante_id) 
       references restaurante
2025-09-02T20:52:05.236-03:00  INFO 20176 --- [delivery-api] [           main] j.LocalContainerEntityManagerFactoryBean : Initialized JPA EntityManagerFactory for persistence unit 'default'
2025-09-02T20:52:05.552-03:00  INFO 20176 --- [delivery-api] [           main] o.s.d.j.r.query.QueryEnhancerFactory     : Hibernate is in classpath; If applicable, HQL parser will be used.
2025-09-02T20:52:06.620-03:00  INFO 20176 --- [delivery-api] [           main] r$InitializeUserDetailsManagerConfigurer : Global AuthenticationManager configured with UserDetailsService bean with name authServiceImpl
2025-09-02T20:52:07.248-03:00 DEBUG 20176 --- [delivery-api] [           main] i.m.c.u.i.logging.InternalLoggerFactory  : Using SLF4J as the default logging framework
2025-09-02T20:52:07.659-03:00 DEBUG 20176 --- [delivery-api] [           main] s.w.s.m.m.a.RequestMappingHandlerMapping : 58 mappings in 'requestMappingHandlerMapping'
2025-09-02T20:52:07.857-03:00 DEBUG 20176 --- [delivery-api] [           main] o.s.w.s.handler.SimpleUrlHandlerMapping  : Patterns [/webjars/**, /**, /swagger-ui*/*swagger-initializer.js, /swagger-ui*/**] in 'resourceHandlerMapping'
2025-09-02T20:52:08.002-03:00  INFO 20176 --- [delivery-api] [           main] o.s.b.a.e.web.EndpointLinksResolver      : Exposing 4 endpoints beneath base path '/actuator'
2025-09-02T20:52:08.160-03:00 DEBUG 20176 --- [delivery-api] [           main] o.s.s.web.DefaultSecurityFilterChain     : Will secure any request with filters: DisableEncodeUrlFilter, WebAsyncManagerIntegrationFilter, SecurityContextHolderFilter, HeaderWriterFilter, LogoutFilter, JwtAuthenticationFilter, RequestCacheAwareFilter, SecurityContextHolderAwareRequestFilter, AnonymousAuthenticationFilter, SessionManagementFilter, ExceptionTranslationFilter, AuthorizationFilter
2025-09-02T20:52:08.328-03:00 DEBUG 20176 --- [delivery-api] [           main] s.w.s.m.m.a.RequestMappingHandlerAdapter : ControllerAdvice beans: 0 @ModelAttribute, 0 @InitBinder, 1 RequestBodyAdvice, 1 ResponseBodyAdvice
2025-09-02T20:52:08.382-03:00 DEBUG 20176 --- [delivery-api] [           main] .m.m.a.ExceptionHandlerExceptionResolver : ControllerAdvice beans: 2 @ExceptionHandler, 1 ResponseBodyAdvice
2025-09-02T20:52:08.651-03:00  INFO 20176 --- [delivery-api] [           main] o.s.b.a.h2.H2ConsoleAutoConfiguration    : H2 console available at '/h2-console'. Database available at 'jdbc:h2:mem:delivery'
2025-09-02T20:52:08.752-03:00  INFO 20176 --- [delivery-api] [           main] c.d.d.DeliveryApiApplicationTests        : Started DeliveryApiApplicationTests in 9.664 seconds (process running for 11.587)
=== INICIANDO CARGA DE DADOS DE TESTE ===
--- Inserindo clientes ---
Hibernate: 
    insert 
    into
        cliente
        (ativo, data_criacao, email, endereco, nome, telefone, id) 
    values
        (?, ?, ?, ?, ?, ?, default)
Hibernate: 
    insert 
    into
        cliente
        (ativo, data_criacao, email, endereco, nome, telefone, id) 
    values
        (?, ?, ?, ?, ?, ?, default)
Hibernate: 
    insert 
    into
        cliente
        (ativo, data_criacao, email, endereco, nome, telefone, id) 
    values
        (?, ?, ?, ?, ?, ?, default)
Hibernate: 
    insert 
    into
        cliente
        (ativo, data_criacao, email, endereco, nome, telefone, id) 
    values
        (?, ?, ?, ?, ?, ?, default)
Hibernate: 
    insert 
    into
        cliente
        (ativo, data_criacao, email, endereco, nome, telefone, id) 
    values
        (?, ?, ?, ?, ?, ?, default)
✓ 5 clientes inseridos
--- Inserindo Restaurantes ---
Hibernate: 
    insert 
    into
        restaurante
        (taxa_entrega, ativo, categoria, cnpj, data_cadastro, descricao, endereco, especialidade, horario_funcionamento, nome, telefone, id) 
    values
        (?, ?, ?, ?, ?, ?, ?, ?, ?, ?, ?, default)
Hibernate: 
    insert 
    into
        restaurante
        (taxa_entrega, ativo, categoria, cnpj, data_cadastro, descricao, endereco, especialidade, horario_funcionamento, nome, telefone, id) 
    values
        (?, ?, ?, ?, ?, ?, ?, ?, ?, ?, ?, default)
Hibernate: 
    insert 
    into
        restaurante
        (taxa_entrega, ativo, categoria, cnpj, data_cadastro, descricao, endereco, especialidade, horario_funcionamento, nome, telefone, id) 
    values
        (?, ?, ?, ?, ?, ?, ?, ?, ?, ?, ?, default)
Hibernate: 
    insert 
    into
        restaurante
        (taxa_entrega, ativo, categoria, cnpj, data_cadastro, descricao, endereco, especialidade, horario_funcionamento, nome, telefone, id) 
    values
        (?, ?, ?, ?, ?, ?, ?, ?, ?, ?, ?, default)
Hibernate: 
    insert 
    into
        restaurante
        (taxa_entrega, ativo, categoria, cnpj, data_cadastro, descricao, endereco, especialidade, horario_funcionamento, nome, telefone, id) 
    values
        (?, ?, ?, ?, ?, ?, ?, ?, ?, ?, ?, default)
✓ 5 restaurantes inseridos
--- Inserindo Produtos ---
Hibernate: 
    select
        r1_0.id,
        r1_0.taxa_entrega,
        r1_0.ativo,
        r1_0.categoria,
        r1_0.cnpj,
        r1_0.data_cadastro,
        r1_0.descricao,
        r1_0.endereco,
        r1_0.especialidade,
        r1_0.horario_funcionamento,
        r1_0.nome,
        r1_0.telefone 
    from
        restaurante r1_0
Hibernate: 
    insert 
    into
        produto
        (ativo, categoria, data_cadastro, descricao, disponivel, imagem_url, nome, preco, restaurante_id, id) 
    values
        (?, ?, ?, ?, ?, ?, ?, ?, ?, default)
Hibernate: 
    insert 
    into
        produto
        (ativo, categoria, data_cadastro, descricao, disponivel, imagem_url, nome, preco, restaurante_id, id) 
    values
        (?, ?, ?, ?, ?, ?, ?, ?, ?, default)
Hibernate: 
    insert 
    into
        produto
        (ativo, categoria, data_cadastro, descricao, disponivel, imagem_url, nome, preco, restaurante_id, id) 
    values
        (?, ?, ?, ?, ?, ?, ?, ?, ?, default)
Hibernate: 
    insert 
    into
        produto
        (ativo, categoria, data_cadastro, descricao, disponivel, imagem_url, nome, preco, restaurante_id, id) 
    values
        (?, ?, ?, ?, ?, ?, ?, ?, ?, default)
Hibernate: 
    insert 
    into
        produto
        (ativo, categoria, data_cadastro, descricao, disponivel, imagem_url, nome, preco, restaurante_id, id) 
    values
        (?, ?, ?, ?, ?, ?, ?, ?, ?, default)
Hibernate: 
    insert 
    into
        produto
        (ativo, categoria, data_cadastro, descricao, disponivel, imagem_url, nome, preco, restaurante_id, id) 
    values
        (?, ?, ?, ?, ?, ?, ?, ?, ?, default)
Hibernate: 
    insert 
    into
        produto
        (ativo, categoria, data_cadastro, descricao, disponivel, imagem_url, nome, preco, restaurante_id, id) 
    values
        (?, ?, ?, ?, ?, ?, ?, ?, ?, default)
Hibernate: 
    insert 
    into
        produto
        (ativo, categoria, data_cadastro, descricao, disponivel, imagem_url, nome, preco, restaurante_id, id) 
    values
        (?, ?, ?, ?, ?, ?, ?, ?, ?, default)
Hibernate: 
    insert 
    into
        produto
        (ativo, categoria, data_cadastro, descricao, disponivel, imagem_url, nome, preco, restaurante_id, id) 
    values
        (?, ?, ?, ?, ?, ?, ?, ?, ?, default)
Hibernate: 
    insert 
    into
        produto
        (ativo, categoria, data_cadastro, descricao, disponivel, imagem_url, nome, preco, restaurante_id, id) 
    values
        (?, ?, ?, ?, ?, ?, ?, ?, ?, default)
✓ 10 produtos inseridos
=== CARGA DE DADOS CONCLUÍDA ===

✅ Spring Boot Application iniciada com sucesso!

🎯 SISTEMA DE CAPTURA AUTOMÁTICA ATIVO!
📁 Respostas serão salvas em: ./entregaveis/
🔄 Faça requisições para /api/* e veja os arquivos sendo gerados!

]]></system-out>
    <system-err><![CDATA[Mockito is currently self-attaching to enable the inline-mock-maker. This will no longer work in future releases of the JDK. Please add Mockito as an agent to your build as described in Mockito's documentation: https://javadoc.io/doc/org.mockito/mockito-core/latest/org.mockito/org/mockito/Mockito.html#0.3
WARNING: A Java agent has been loaded dynamically (C:\Users\marin\.m2\repository\net\bytebuddy\byte-buddy-agent\1.17.6\byte-buddy-agent-1.17.6.jar)
WARNING: If a serviceability tool is in use, please run with -XX:+EnableDynamicAgentLoading to hide this warning
WARNING: If a serviceability tool is not in use, please run with -Djdk.instrument.traceUsage for more information
WARNING: Dynamic loading of agents will be disallowed by default in a future release
]]></system-err>
  </testcase>
</testsuite>